<?xml version="1.0" encoding="UTF-8"?>
<robot generator="Robot 6.1.1 (Python 3.12.0 on win32)" generated="20231209 22:45:35.141" rpa="false" schemaversion="4">
<suite id="s1" name="Front Office" source="C:\Users\bka\Desktop\MONIKA\robot_framework_exercises-main\scripting_challenge_2\tests\Front_Office.robot">
<test id="s1-t1" name="Should be able to access &quot;Team&quot; page" line="15">
<kw name="Begin Web Test" library="CommonWeb" type="SETUP">
<kw name="Open Browser" library="SeleniumLibrary">
<arg>${URL}</arg>
<arg>${BROWSER}</arg>
<doc>Opens a new browser instance to the optional ``url``.</doc>
<msg timestamp="20231209 22:45:36.591" level="INFO">Opening browser 'firefox' to base url 'https://automationplayground.com/front-office/'.</msg>
<status status="PASS" starttime="20231209 22:45:36.585" endtime="20231209 22:45:52.104"/>
</kw>
<kw name="Maximize Browser Window" library="SeleniumLibrary">
<doc>Maximizes current browser window.</doc>
<status status="PASS" starttime="20231209 22:45:52.105" endtime="20231209 22:45:52.393"/>
</kw>
<status status="PASS" starttime="20231209 22:45:36.584" endtime="20231209 22:45:52.394"/>
</kw>
<kw name="Go To Landing Page" library="FrontOfficeApp">
<kw name="Navigate To" library="Landing">
<kw name="Go To" library="SeleniumLibrary">
<arg>${URL}</arg>
<doc>Navigates the current browser window to the provided ``url``.</doc>
<msg timestamp="20231209 22:45:52.402" level="INFO">Opening url 'https://automationplayground.com/front-office/'</msg>
<status status="PASS" starttime="20231209 22:45:52.401" endtime="20231209 22:45:52.779"/>
</kw>
<status status="PASS" starttime="20231209 22:45:52.400" endtime="20231209 22:45:52.783"/>
</kw>
<kw name="Verify Page Loaded" library="Landing">
<kw name="Wait Until Page Contains Element" library="SeleniumLibrary">
<arg>${LANDING_NAVIGATION_ELEMENT}</arg>
<doc>Waits until the element ``locator`` appears on the current page.</doc>
<status status="PASS" starttime="20231209 22:45:52.785" endtime="20231209 22:45:52.870"/>
</kw>
<status status="PASS" starttime="20231209 22:45:52.784" endtime="20231209 22:45:52.870"/>
</kw>
<status status="PASS" starttime="20231209 22:45:52.399" endtime="20231209 22:45:52.870"/>
</kw>
<kw name="Go To &quot;Team&quot; Page" library="FrontOfficeApp">
<kw name="Select &quot;Team&quot; Page" library="TopNav">
<kw name="Click Element" library="SeleniumLibrary">
<arg>${TOP_NAV_TEAM_LINK}</arg>
<doc>Click the element identified by ``locator``.</doc>
<msg timestamp="20231209 22:45:52.874" level="INFO">Clicking element 'xpath://*[@id="bs-example-navbar-collapse-1"]/ul/li[5]/a'.</msg>
<status status="PASS" starttime="20231209 22:45:52.873" endtime="20231209 22:45:53.243"/>
</kw>
<kw name="Capture Page Screenshot" library="SeleniumLibrary">
<doc>Takes a screenshot of the current page and embeds it into a log file.</doc>
<msg timestamp="20231209 22:45:53.940" level="INFO" html="true">&lt;/td&gt;&lt;/tr&gt;&lt;tr&gt;&lt;td colspan="3"&gt;&lt;a href="selenium-screenshot-7.png"&gt;&lt;img src="selenium-screenshot-7.png" width="800px"&gt;&lt;/a&gt;</msg>
<status status="PASS" starttime="20231209 22:45:53.244" endtime="20231209 22:45:53.941"/>
</kw>
<kw name="Sleep" library="BuiltIn">
<arg>3s</arg>
<doc>Pauses the test executed for the given time.</doc>
<msg timestamp="20231209 22:45:56.942" level="INFO">Slept 3 seconds</msg>
<status status="PASS" starttime="20231209 22:45:53.941" endtime="20231209 22:45:56.942"/>
</kw>
<status status="PASS" starttime="20231209 22:45:52.872" endtime="20231209 22:45:56.942"/>
</kw>
<kw name="Verify Page Loaded" library="Team">
<kw name="Wait Until Page Contains Element" library="SeleniumLibrary">
<arg>${TEAM_HEADER_LABEL}</arg>
<doc>Waits until the element ``locator`` appears on the current page.</doc>
<status status="PASS" starttime="20231209 22:45:56.943" endtime="20231209 22:45:56.960"/>
</kw>
<status status="PASS" starttime="20231209 22:45:56.942" endtime="20231209 22:45:56.961"/>
</kw>
<status status="PASS" starttime="20231209 22:45:52.871" endtime="20231209 22:45:56.961"/>
</kw>
<kw name="End Web Test" library="CommonWeb" type="TEARDOWN">
<kw name="Close All Browsers" library="SeleniumLibrary">
<doc>Closes all open browsers and resets the browser cache.</doc>
<status status="PASS" starttime="20231209 22:45:56.963" endtime="20231209 22:46:07.042"/>
</kw>
<status status="PASS" starttime="20231209 22:45:56.962" endtime="20231209 22:46:07.043"/>
</kw>
<doc>Test number 1</doc>
<tag>test1</tag>
<status status="PASS" starttime="20231209 22:45:36.582" endtime="20231209 22:46:07.044"/>
</test>
<test id="s1-t2" name="&quot;Team&quot; page should match requirements" line="21">
<kw name="Begin Web Test" library="CommonWeb" type="SETUP">
<kw name="Open Browser" library="SeleniumLibrary">
<arg>${URL}</arg>
<arg>${BROWSER}</arg>
<doc>Opens a new browser instance to the optional ``url``.</doc>
<msg timestamp="20231209 22:46:07.052" level="INFO">Opening browser 'firefox' to base url 'https://automationplayground.com/front-office/'.</msg>
<status status="PASS" starttime="20231209 22:46:07.050" endtime="20231209 22:46:21.570"/>
</kw>
<kw name="Maximize Browser Window" library="SeleniumLibrary">
<doc>Maximizes current browser window.</doc>
<status status="PASS" starttime="20231209 22:46:21.570" endtime="20231209 22:46:21.859"/>
</kw>
<status status="PASS" starttime="20231209 22:46:07.050" endtime="20231209 22:46:21.859"/>
</kw>
<kw name="Go To Landing Page" library="FrontOfficeApp">
<kw name="Navigate To" library="Landing">
<kw name="Go To" library="SeleniumLibrary">
<arg>${URL}</arg>
<doc>Navigates the current browser window to the provided ``url``.</doc>
<msg timestamp="20231209 22:46:21.862" level="INFO">Opening url 'https://automationplayground.com/front-office/'</msg>
<status status="PASS" starttime="20231209 22:46:21.862" endtime="20231209 22:46:22.286"/>
</kw>
<status status="PASS" starttime="20231209 22:46:21.861" endtime="20231209 22:46:22.286"/>
</kw>
<kw name="Verify Page Loaded" library="Landing">
<kw name="Wait Until Page Contains Element" library="SeleniumLibrary">
<arg>${LANDING_NAVIGATION_ELEMENT}</arg>
<doc>Waits until the element ``locator`` appears on the current page.</doc>
<status status="PASS" starttime="20231209 22:46:22.288" endtime="20231209 22:46:22.336"/>
</kw>
<status status="PASS" starttime="20231209 22:46:22.286" endtime="20231209 22:46:22.336"/>
</kw>
<status status="PASS" starttime="20231209 22:46:21.860" endtime="20231209 22:46:22.336"/>
</kw>
<kw name="Go To &quot;Team&quot; Page" library="FrontOfficeApp">
<kw name="Select &quot;Team&quot; Page" library="TopNav">
<kw name="Click Element" library="SeleniumLibrary">
<arg>${TOP_NAV_TEAM_LINK}</arg>
<doc>Click the element identified by ``locator``.</doc>
<msg timestamp="20231209 22:46:22.343" level="INFO">Clicking element 'xpath://*[@id="bs-example-navbar-collapse-1"]/ul/li[5]/a'.</msg>
<status status="PASS" starttime="20231209 22:46:22.341" endtime="20231209 22:46:22.727"/>
</kw>
<kw name="Capture Page Screenshot" library="SeleniumLibrary">
<doc>Takes a screenshot of the current page and embeds it into a log file.</doc>
<msg timestamp="20231209 22:46:23.353" level="INFO" html="true">&lt;/td&gt;&lt;/tr&gt;&lt;tr&gt;&lt;td colspan="3"&gt;&lt;a href="selenium-screenshot-8.png"&gt;&lt;img src="selenium-screenshot-8.png" width="800px"&gt;&lt;/a&gt;</msg>
<status status="PASS" starttime="20231209 22:46:22.728" endtime="20231209 22:46:23.353"/>
</kw>
<kw name="Sleep" library="BuiltIn">
<arg>3s</arg>
<doc>Pauses the test executed for the given time.</doc>
<msg timestamp="20231209 22:46:26.355" level="INFO">Slept 3 seconds</msg>
<status status="PASS" starttime="20231209 22:46:23.353" endtime="20231209 22:46:26.355"/>
</kw>
<status status="PASS" starttime="20231209 22:46:22.339" endtime="20231209 22:46:26.355"/>
</kw>
<kw name="Verify Page Loaded" library="Team">
<kw name="Wait Until Page Contains Element" library="SeleniumLibrary">
<arg>${TEAM_HEADER_LABEL}</arg>
<doc>Waits until the element ``locator`` appears on the current page.</doc>
<status status="PASS" starttime="20231209 22:46:26.357" endtime="20231209 22:46:26.367"/>
</kw>
<status status="PASS" starttime="20231209 22:46:26.356" endtime="20231209 22:46:26.368"/>
</kw>
<status status="PASS" starttime="20231209 22:46:22.337" endtime="20231209 22:46:26.368"/>
</kw>
<kw name="Validate &quot;Team&quot; Page" library="FrontOfficeApp">
<kw name="Validate Page Contents" library="Team">
<kw name="Get Text" library="SeleniumLibrary">
<var>${ElementText}</var>
<arg>${TEAM_HEADER_LABEL}</arg>
<doc>Returns the text value of the element identified by ``locator``.</doc>
<msg timestamp="20231209 22:46:26.450" level="INFO">${ElementText} = OUR AMAZING TEAM</msg>
<status status="PASS" starttime="20231209 22:46:26.373" endtime="20231209 22:46:26.450"/>
</kw>
<kw name="Should Be Equal As Strings" library="BuiltIn">
<arg>${ElementText}</arg>
<arg>Our Amazing Team</arg>
<arg>ignore_case=true</arg>
<doc>Fails if objects are unequal after converting them to strings.</doc>
<status status="PASS" starttime="20231209 22:46:26.451" endtime="20231209 22:46:26.451"/>
</kw>
<status status="PASS" starttime="20231209 22:46:26.372" endtime="20231209 22:46:26.452"/>
</kw>
<status status="PASS" starttime="20231209 22:46:26.370" endtime="20231209 22:46:26.452"/>
</kw>
<kw name="End Web Test" library="CommonWeb" type="TEARDOWN">
<kw name="Close All Browsers" library="SeleniumLibrary">
<doc>Closes all open browsers and resets the browser cache.</doc>
<status status="PASS" starttime="20231209 22:46:26.454" endtime="20231209 22:46:36.561"/>
</kw>
<status status="PASS" starttime="20231209 22:46:26.453" endtime="20231209 22:46:36.562"/>
</kw>
<doc>Test number 2</doc>
<tag>test2</tag>
<status status="PASS" starttime="20231209 22:46:07.048" endtime="20231209 22:46:36.563"/>
</test>
<test id="s1-t3" name="Should be able to access &quot;Portoflio&quot; page" line="28">
<kw name="Begin Web Test" library="CommonWeb" type="SETUP">
<kw name="Open Browser" library="SeleniumLibrary">
<arg>${URL}</arg>
<arg>${BROWSER}</arg>
<doc>Opens a new browser instance to the optional ``url``.</doc>
<msg timestamp="20231209 22:46:36.570" level="INFO">Opening browser 'firefox' to base url 'https://automationplayground.com/front-office/'.</msg>
<status status="PASS" starttime="20231209 22:46:36.569" endtime="20231209 22:46:51.196"/>
</kw>
<kw name="Maximize Browser Window" library="SeleniumLibrary">
<doc>Maximizes current browser window.</doc>
<status status="PASS" starttime="20231209 22:46:51.196" endtime="20231209 22:46:51.475"/>
</kw>
<status status="PASS" starttime="20231209 22:46:36.569" endtime="20231209 22:46:51.475"/>
</kw>
<kw name="Go To Landing Page" library="FrontOfficeApp">
<kw name="Navigate To" library="Landing">
<kw name="Go To" library="SeleniumLibrary">
<arg>${URL}</arg>
<doc>Navigates the current browser window to the provided ``url``.</doc>
<msg timestamp="20231209 22:46:51.491" level="INFO">Opening url 'https://automationplayground.com/front-office/'</msg>
<status status="PASS" starttime="20231209 22:46:51.489" endtime="20231209 22:46:51.827"/>
</kw>
<status status="PASS" starttime="20231209 22:46:51.480" endtime="20231209 22:46:51.827"/>
</kw>
<kw name="Verify Page Loaded" library="Landing">
<kw name="Wait Until Page Contains Element" library="SeleniumLibrary">
<arg>${LANDING_NAVIGATION_ELEMENT}</arg>
<doc>Waits until the element ``locator`` appears on the current page.</doc>
<status status="PASS" starttime="20231209 22:46:51.828" endtime="20231209 22:46:51.911"/>
</kw>
<status status="PASS" starttime="20231209 22:46:51.827" endtime="20231209 22:46:51.912"/>
</kw>
<status status="PASS" starttime="20231209 22:46:51.480" endtime="20231209 22:46:51.912"/>
</kw>
<kw name="Go To &quot;Portfolio&quot; Page" library="FrontOfficeApp">
<kw name="Select &quot;Portfolio&quot; Page" library="TopNav">
<kw name="Click Element" library="SeleniumLibrary">
<arg>${TOP_NAV_PORTFOLIO_LINK}</arg>
<doc>Click the element identified by ``locator``.</doc>
<msg timestamp="20231209 22:46:51.915" level="INFO">Clicking element 'xpath://*[@id="bs-example-navbar-collapse-1"]/ul/li[3]/a'.</msg>
<status status="PASS" starttime="20231209 22:46:51.914" endtime="20231209 22:46:52.260"/>
</kw>
<kw name="Capture Page Screenshot" library="SeleniumLibrary">
<doc>Takes a screenshot of the current page and embeds it into a log file.</doc>
<msg timestamp="20231209 22:46:52.896" level="INFO" html="true">&lt;/td&gt;&lt;/tr&gt;&lt;tr&gt;&lt;td colspan="3"&gt;&lt;a href="selenium-screenshot-9.png"&gt;&lt;img src="selenium-screenshot-9.png" width="800px"&gt;&lt;/a&gt;</msg>
<status status="PASS" starttime="20231209 22:46:52.260" endtime="20231209 22:46:52.897"/>
</kw>
<kw name="Sleep" library="BuiltIn">
<arg>3s</arg>
<doc>Pauses the test executed for the given time.</doc>
<msg timestamp="20231209 22:46:55.898" level="INFO">Slept 3 seconds</msg>
<status status="PASS" starttime="20231209 22:46:52.897" endtime="20231209 22:46:55.898"/>
</kw>
<status status="PASS" starttime="20231209 22:46:51.913" endtime="20231209 22:46:55.898"/>
</kw>
<kw name="Verify Page Loaded" library="Portfolio">
<kw name="Wait Until Page Contains Element" library="SeleniumLibrary">
<arg>${PORTFOLIO_HEADER_LABEL}</arg>
<doc>Waits until the element ``locator`` appears on the current page.</doc>
<status status="PASS" starttime="20231209 22:46:55.899" endtime="20231209 22:46:55.913"/>
</kw>
<status status="PASS" starttime="20231209 22:46:55.899" endtime="20231209 22:46:55.914"/>
</kw>
<status status="PASS" starttime="20231209 22:46:51.913" endtime="20231209 22:46:55.914"/>
</kw>
<kw name="End Web Test" library="CommonWeb" type="TEARDOWN">
<kw name="Close All Browsers" library="SeleniumLibrary">
<doc>Closes all open browsers and resets the browser cache.</doc>
<status status="PASS" starttime="20231209 22:46:55.916" endtime="20231209 22:47:05.607"/>
</kw>
<status status="PASS" starttime="20231209 22:46:55.915" endtime="20231209 22:47:05.608"/>
</kw>
<doc>Test number 3</doc>
<tag>test3</tag>
<status status="PASS" starttime="20231209 22:46:36.567" endtime="20231209 22:47:05.610"/>
</test>
<doc>Explain what these tests do here</doc>
<status status="PASS" starttime="20231209 22:45:35.146" endtime="20231209 22:47:05.617"/>
</suite>
<statistics>
<total>
<stat pass="3" fail="0" skip="0">All Tests</stat>
</total>
<tag>
<stat pass="1" fail="0" skip="0">test1</stat>
<stat pass="1" fail="0" skip="0">test2</stat>
<stat pass="1" fail="0" skip="0">test3</stat>
</tag>
<suite>
<stat pass="3" fail="0" skip="0" id="s1" name="Front Office">Front Office</stat>
</suite>
</statistics>
<errors>
</errors>
</robot>
